<?xml version="1.0" encoding="UTF-8"?>
<!-- Generated by org.testng.reporters.JUnitReportReporter -->
<testsuite skipped="0" hostname="RSI1583" name="br.com.rsinet.hub_tdd.provaTDD.automationFramework.Register_Test" tests="2" failures="0" timestamp="2020-01-16T13:42:25 BRT" time="33.835" errors="0">
  <testcase name="registerPositivo" time="17.593" classname="br.com.rsinet.hub_tdd.provaTDD.automationFramework.Register_Test"/>
  <system-out>
ChromeDriver inicializado com sucesso. Pesquisa realizada com sucesso.  </system-out>
  <testcase name="registerNegativo" time="16.242" classname="br.com.rsinet.hub_tdd.provaTDD.automationFramework.Register_Test"/>
  <system-out/>
</testsuite> <!-- br.com.rsinet.hub_tdd.provaTDD.automationFramework.Register_Test -->
