<?xml version="1.0" encoding="UTF-8"?>
<!-- Generated by org.testng.reporters.JUnitReportReporter -->
<testsuite skipped="0" hostname="RSI1583" name="br.com.rsinet.hub_tdd.provaTDD.automationFramework.Search_Test" tests="2" failures="0" timestamp="2020-01-16T13:06:38 BRT" time="29.791" errors="0">
  <testcase name="searchPositivo" time="16.395" classname="br.com.rsinet.hub_tdd.provaTDD.automationFramework.Search_Test"/>
  <system-out>
ChromeDriver inicializado com sucesso. Pesquisa realizada com sucesso.  </system-out>
  <testcase name="searchNegativo" time="13.396" classname="br.com.rsinet.hub_tdd.provaTDD.automationFramework.Search_Test"/>
  <system-out>
ChromeDriver inicializado com sucesso. Pesquisa realizada com sucesso.  </system-out>
</testsuite> <!-- br.com.rsinet.hub_tdd.provaTDD.automationFramework.Search_Test -->
