<?xml version="1.0" encoding="UTF-8"?>
<!-- Generated by org.testng.reporters.JUnitReportReporter -->
<testsuite skipped="0" hostname="RSI1583" name="br.com.rsinet.hub_tdd.provaTDD.automationFramework.SearchClick_Test" tests="2" failures="0" timestamp="2020-01-16T15:43:10 BRT" time="29.609" errors="0">
  <testcase name="searchHomePositivo" time="15.186" classname="br.com.rsinet.hub_tdd.provaTDD.automationFramework.SearchClick_Test"/>
  <system-out>
ChromeDriver inicializado com sucesso. Pesquisa realizada com sucesso.  </system-out>
  <testcase name="searchHomeNegativo" time="14.423" classname="br.com.rsinet.hub_tdd.provaTDD.automationFramework.SearchClick_Test"/>
  <system-out/>
</testsuite> <!-- br.com.rsinet.hub_tdd.provaTDD.automationFramework.SearchClick_Test -->
