<?xml version="1.0" encoding="UTF-8"?>
<!-- Generated by org.testng.reporters.JUnitReportReporter -->
<testsuite skipped="0" hostname="RSI1583" name="br.com.rsinet.hub_tdd.provaTDD.automationFramework.Search_Test" tests="1" failures="0" timestamp="2020-01-14T15:13:01 BRT" time="16.023" errors="0">
  <testcase name="searchPositivo" time="16.023" classname="br.com.rsinet.hub_tdd.provaTDD.automationFramework.Search_Test"/>
  <system-out/>
</testsuite> <!-- br.com.rsinet.hub_tdd.provaTDD.automationFramework.Search_Test -->
