<?xml version="1.0" encoding="UTF-8"?>
<!-- Generated by org.testng.reporters.JUnitReportReporter -->
<testsuite skipped="0" hostname="RSI1583" name="br.com.rsinet.hub_tdd.provaTDD.automationFramework.SearchHome_Test" tests="1" failures="0" timestamp="2020-01-15T13:54:42 BRT" time="15.266" errors="0">
  <testcase name="searchHomePositivo" time="15.266" classname="br.com.rsinet.hub_tdd.provaTDD.automationFramework.SearchHome_Test"/>
  <system-out>
ChromeDriver inicializado com sucesso. Pesquisa realizada com sucesso.  </system-out>
</testsuite> <!-- br.com.rsinet.hub_tdd.provaTDD.automationFramework.SearchHome_Test -->
